<?xml version="1.0" encoding="UTF-8"?>
<!-- Generated by org.testng.reporters.JUnitXMLReporter -->
<testsuite hostname="mingle-t460" ignored="0" name="Command line test" tests="4" failures="0" timestamp="2020-02-07T13:07:44 IST" time="0.097" errors="0">
  <testcase name="mobileTestFunctions" time="0.013" classname="qaclickacademy.AppiumTest"/>
  <testcase name="mobileTestLogin" time="0.001" classname="qaclickacademy.AppiumTest"/>
  <testcase name="seleniumTestFunction" time="0.0" classname="qaclickacademy.SeleniumTest"/>
  <testcase name="seleniumTestLogin" time="0.001" classname="qaclickacademy.SeleniumTest"/>
</testsuite> <!-- Command line test -->
