<?xml version="1.0" encoding="UTF-8"?>
<!-- Generated by org.testng.reporters.JUnitXMLReporter -->
<testsuite hostname="mingle-t460" ignored="0" name="Test" tests="4" failures="0" timestamp="2020-02-07T16:04:12 IST" time="0.068" errors="0">
  <testcase name="mobileTestFunctions" time="0.008" classname="qaclickacademy.AppiumTest"/>
  <testcase name="mobileTestLogin" time="0.0" classname="qaclickacademy.AppiumTest"/>
  <testcase name="seleniumTestFunction" time="0.0" classname="qaclickacademy.SeleniumTest"/>
  <testcase name="seleniumTestLogin" time="0.0" classname="qaclickacademy.SeleniumTest"/>
</testsuite> <!-- Test -->
