<?xml version="1.0" encoding="UTF-8"?>
<testsuite xmlns:xsi="http://www.w3.org/2001/XMLSchema-instance" xsi:noNamespaceSchemaLocation="https://maven.apache.org/surefire/maven-surefire-plugin/xsd/surefire-test-report.xsd" name="Academy.E2EProject.HomePageTest" time="5.92" tests="4" errors="0" skipped="3" failures="1">
  <properties>
[...]
</properties>
  <testcase name="initializeBrowser" classname="Academy.E2EProject.HomePageTest" time="5.649">
    <failure message="session not created: This version of ChromeDriver only supports Chrome version 79&#10;Build info: version: &apos;3.141.59&apos;, revision: &apos;e82be7d358&apos;, time: &apos;2018-11-14T08:17:03&apos;&#10;System info: host: &apos;MINGLE-T460&apos;, ip: &apos;10.98.50.17&apos;, os.name: &apos;Windows 10&apos;, os.arch: &apos;amd64&apos;, os.version: &apos;10.0&apos;, java.version: &apos;1.8.0_231&apos;&#10;Driver info: driver.version: ChromeDriver&#10;remote stacktrace: Backtrace:&#10;	Ordinal0 [0x006CA113+1548563]&#10;	Ordinal0 [0x0064DDA1+1039777]&#10;	Ordinal0 [0x005CE485+517253]&#10;	Ordinal0 [0x0055FD34+64820]&#10;	Ordinal0 [0x0055C61E+50718]&#10;	Ordinal0 [0x0057B797+178071]&#10;	Ordinal0 [0x0057B59D+177565]&#10;	Ordinal0 [0x005795FB+169467]&#10;	Ordinal0 [0x0056160A+71178]&#10;	Ordinal0 [0x00562690+75408]&#10;	Ordinal0 [0x00562629+75305]&#10;	Ordinal0 [0x006671B7+1143223]&#10;	GetHandleVerifier [0x00762B46+507814]&#10;	GetHandleVerifier [0x00762864+507076]&#10;	GetHandleVerifier [0x00769F47+537511]&#10;	GetHandleVerifier [0x00763402+510050]&#10;	Ordinal0 [0x0065F29C+1110684]&#10;	Ordinal0 [0x0066938B+1151883]&#10;	Ordinal0 [0x006694F3+1152243]&#10;	Ordinal0 [0x006683F5+1147893]&#10;	BaseThreadInitThunk [0x75366359+25]&#10;	RtlGetAppContainerNamedObjectPath [0x77397B74+228]&#10;	RtlGetAppContainerNamedObjectPath [0x77397B44+180]&#10;" type="org.openqa.selenium.SessionNotCreatedException">org.openqa.selenium.SessionNotCreatedException: 
session not created: This version of ChromeDriver only supports Chrome version 79
Build info: version: '3.141.59', revision: 'e82be7d358', time: '2018-11-14T08:17:03'
System info: host: 'MINGLE-T460', ip: '10.98.50.17', os.name: 'Windows 10', os.arch: 'amd64', os.version: '10.0', java.version: '1.8.0_231'
Driver info: driver.version: ChromeDriver
remote stacktrace: Backtrace:
	Ordinal0 [0x006CA113+1548563]
	Ordinal0 [0x0064DDA1+1039777]
	Ordinal0 [0x005CE485+517253]
	Ordinal0 [0x0055FD34+64820]
	Ordinal0 [0x0055C61E+50718]
	Ordinal0 [0x0057B797+178071]
	Ordinal0 [0x0057B59D+177565]
	Ordinal0 [0x005795FB+169467]
	Ordinal0 [0x0056160A+71178]
	Ordinal0 [0x00562690+75408]
	Ordinal0 [0x00562629+75305]
	Ordinal0 [0x006671B7+1143223]
	GetHandleVerifier [0x00762B46+507814]
	GetHandleVerifier [0x00762864+507076]
	GetHandleVerifier [0x00769F47+537511]
	GetHandleVerifier [0x00763402+510050]
	Ordinal0 [0x0065F29C+1110684]
	Ordinal0 [0x0066938B+1151883]
	Ordinal0 [0x006694F3+1152243]
	Ordinal0 [0x006683F5+1147893]
	BaseThreadInitThunk [0x75366359+25]
	RtlGetAppContainerNamedObjectPath [0x77397B74+228]
	RtlGetAppContainerNamedObjectPath [0x77397B44+180]

	at Academy.E2EProject.HomePageTest.initializeBrowser(HomePageTest.java:55)
</failure>
    <system-err><![CDATA[Starting ChromeDriver 79.0.3945.36 (3582db32b33893869b8c1339e8f4d9ed1816f143-refs/branch-heads/3945@{#614}) on port 31630
Only local connections are allowed.
Please protect ports used by ChromeDriver and related test frameworks to prevent access by malicious code.
]]></system-err>
  </testcase>
  <testcase name="loginOnWebsite" classname="Academy.E2EProject.HomePageTest" time="0">
    <skipped message="session not created: This version of ChromeDriver only supports Chrome version 79&#10;Build info: version: &apos;3.141.59&apos;, revision: &apos;e82be7d358&apos;, time: &apos;2018-11-14T08:17:03&apos;&#10;System info: host: &apos;MINGLE-T460&apos;, ip: &apos;10.98.50.17&apos;, os.name: &apos;Windows 10&apos;, os.arch: &apos;amd64&apos;, os.version: &apos;10.0&apos;, java.version: &apos;1.8.0_231&apos;&#10;Driver info: driver.version: ChromeDriver&#10;remote stacktrace: Backtrace:&#10;	Ordinal0 [0x006CA113+1548563]&#10;	Ordinal0 [0x0064DDA1+1039777]&#10;	Ordinal0 [0x005CE485+517253]&#10;	Ordinal0 [0x0055FD34+64820]&#10;	Ordinal0 [0x0055C61E+50718]&#10;	Ordinal0 [0x0057B797+178071]&#10;	Ordinal0 [0x0057B59D+177565]&#10;	Ordinal0 [0x005795FB+169467]&#10;	Ordinal0 [0x0056160A+71178]&#10;	Ordinal0 [0x00562690+75408]&#10;	Ordinal0 [0x00562629+75305]&#10;	Ordinal0 [0x006671B7+1143223]&#10;	GetHandleVerifier [0x00762B46+507814]&#10;	GetHandleVerifier [0x00762864+507076]&#10;	GetHandleVerifier [0x00769F47+537511]&#10;	GetHandleVerifier [0x00763402+510050]&#10;	Ordinal0 [0x0065F29C+1110684]&#10;	Ordinal0 [0x0066938B+1151883]&#10;	Ordinal0 [0x006694F3+1152243]&#10;	Ordinal0 [0x006683F5+1147893]&#10;	BaseThreadInitThunk [0x75366359+25]&#10;	RtlGetAppContainerNamedObjectPath [0x77397B74+228]&#10;	RtlGetAppContainerNamedObjectPath [0x77397B44+180]&#10;"/>
  </testcase>
  <testcase name="loginOnWebsite" classname="Academy.E2EProject.HomePageTest" time="0">
    <skipped message="session not created: This version of ChromeDriver only supports Chrome version 79&#10;Build info: version: &apos;3.141.59&apos;, revision: &apos;e82be7d358&apos;, time: &apos;2018-11-14T08:17:03&apos;&#10;System info: host: &apos;MINGLE-T460&apos;, ip: &apos;10.98.50.17&apos;, os.name: &apos;Windows 10&apos;, os.arch: &apos;amd64&apos;, os.version: &apos;10.0&apos;, java.version: &apos;1.8.0_231&apos;&#10;Driver info: driver.version: ChromeDriver&#10;remote stacktrace: Backtrace:&#10;	Ordinal0 [0x006CA113+1548563]&#10;	Ordinal0 [0x0064DDA1+1039777]&#10;	Ordinal0 [0x005CE485+517253]&#10;	Ordinal0 [0x0055FD34+64820]&#10;	Ordinal0 [0x0055C61E+50718]&#10;	Ordinal0 [0x0057B797+178071]&#10;	Ordinal0 [0x0057B59D+177565]&#10;	Ordinal0 [0x005795FB+169467]&#10;	Ordinal0 [0x0056160A+71178]&#10;	Ordinal0 [0x00562690+75408]&#10;	Ordinal0 [0x00562629+75305]&#10;	Ordinal0 [0x006671B7+1143223]&#10;	GetHandleVerifier [0x00762B46+507814]&#10;	GetHandleVerifier [0x00762864+507076]&#10;	GetHandleVerifier [0x00769F47+537511]&#10;	GetHandleVerifier [0x00763402+510050]&#10;	Ordinal0 [0x0065F29C+1110684]&#10;	Ordinal0 [0x0066938B+1151883]&#10;	Ordinal0 [0x006694F3+1152243]&#10;	Ordinal0 [0x006683F5+1147893]&#10;	BaseThreadInitThunk [0x75366359+25]&#10;	RtlGetAppContainerNamedObjectPath [0x77397B74+228]&#10;	RtlGetAppContainerNamedObjectPath [0x77397B44+180]&#10;"/>
  </testcase>
  <testcase name="teardown" classname="Academy.E2EProject.HomePageTest" time="0">
    <skipped/>
  </testcase>
</testsuite>